<<<<<<< HEAD
﻿Build started 2017/7/11 23:04:12.

Build succeeded.

Time Elapsed 00:00:00.01
=======
﻿Build started 2017/7/11 17:28:55.
     1>Project "C:\Users\Jerry\Documents\GitHub\Algorithm-4th-edition-C\Sort\Sort.vcxproj" on node 2 (build target(s)).
     1>InitializeBuildStatus:
         Creating "Debug\Sort.unsuccessfulbuild" because "AlwaysCreate" was specified.
       ClCompile:
         All outputs are up-to-date.
         All outputs are up-to-date.
       ManifestResourceCompile:
         All outputs are up-to-date.
       Link:
         All outputs are up-to-date.
       Manifest:
         All outputs are up-to-date.
       FinalizeBuildStatus:
         Deleting file "Debug\Sort.unsuccessfulbuild".
         Touching "Debug\Sort.lastbuildstate".
     1>Done Building Project "C:\Users\Jerry\Documents\GitHub\Algorithm-4th-edition-C\Sort\Sort.vcxproj" (build target(s)).

Build succeeded.

Time Elapsed 00:00:00.07
>>>>>>> 5b0e1438e766dfa96182fe5bdec215beb27f6897
