C:\Users\Administrator\Documents\Visual Studio 2010\Projects\algorithm\Debug\Sort.pdb
C:\Users\Administrator\Documents\Visual Studio 2010\Projects\algorithm\Sort\Debug\cl.command.1.tlog
C:\Users\Administrator\Documents\Visual Studio 2010\Projects\algorithm\Sort\Debug\CL.read.1.tlog
C:\Users\Administrator\Documents\Visual Studio 2010\Projects\algorithm\Sort\Debug\CL.write.1.tlog
C:\Users\Administrator\Documents\Visual Studio 2010\Projects\algorithm\Sort\Debug\link.15032.read.1.tlog
C:\Users\Administrator\Documents\Visual Studio 2010\Projects\algorithm\Sort\Debug\link.15032.write.1.tlog
C:\Users\Administrator\Documents\Visual Studio 2010\Projects\algorithm\Sort\Debug\link.15032-cvtres.read.1.tlog
C:\Users\Administrator\Documents\Visual Studio 2010\Projects\algorithm\Sort\Debug\link.15032-cvtres.write.1.tlog
C:\Users\Administrator\Documents\Visual Studio 2010\Projects\algorithm\Sort\Debug\link.2200.read.1.tlog
C:\Users\Administrator\Documents\Visual Studio 2010\Projects\algorithm\Sort\Debug\link.2200.write.1.tlog
C:\Users\Administrator\Documents\Visual Studio 2010\Projects\algorithm\Sort\Debug\link.2200-cvtres.read.1.tlog
C:\Users\Administrator\Documents\Visual Studio 2010\Projects\algorithm\Sort\Debug\link.2200-cvtres.write.1.tlog
C:\Users\Administrator\Documents\Visual Studio 2010\Projects\algorithm\Sort\Debug\link.command.1.tlog
C:\Users\Administrator\Documents\Visual Studio 2010\Projects\algorithm\Sort\Debug\link.read.1.tlog
C:\Users\Administrator\Documents\Visual Studio 2010\Projects\algorithm\Sort\Debug\link.write.1.tlog
C:\Users\Administrator\Documents\Visual Studio 2010\Projects\algorithm\Sort\Debug\link-cvtres.read.1.tlog
C:\Users\Administrator\Documents\Visual Studio 2010\Projects\algorithm\Sort\Debug\link-cvtres.write.1.tlog
C:\Users\Administrator\Documents\Visual Studio 2010\Projects\algorithm\Sort\Debug\mt.command.1.tlog
C:\Users\Administrator\Documents\Visual Studio 2010\Projects\algorithm\Sort\Debug\mt.read.1.tlog
C:\Users\Administrator\Documents\Visual Studio 2010\Projects\algorithm\Sort\Debug\mt.write.1.tlog
C:\USERS\ADMINISTRATOR\DOCUMENTS\VISUAL STUDIO 2010\PROJECTS\ALGORITHM\SORT\DEBUG\QUICKSORT.OBJ
C:\Users\Administrator\Documents\Visual Studio 2010\Projects\algorithm\Sort\Debug\rc.command.1.tlog
C:\Users\Administrator\Documents\Visual Studio 2010\Projects\algorithm\Sort\Debug\rc.read.1.tlog
C:\Users\Administrator\Documents\Visual Studio 2010\Projects\algorithm\Sort\Debug\rc.write.1.tlog
C:\USERS\ADMINISTRATOR\DOCUMENTS\VISUAL STUDIO 2010\PROJECTS\ALGORITHM\SORT\DEBUG\SELECTIONSORT.OBJ
C:\USERS\ADMINISTRATOR\DOCUMENTS\VISUAL STUDIO 2010\PROJECTS\ALGORITHM\SORT\DEBUG\SORT.EXE.EMBED.MANIFEST
C:\USERS\ADMINISTRATOR\DOCUMENTS\VISUAL STUDIO 2010\PROJECTS\ALGORITHM\SORT\DEBUG\SORT.EXE.EMBED.MANIFEST.RES
C:\Users\Administrator\Documents\Visual Studio 2010\Projects\algorithm\Sort\Debug\Sort.exe.intermediate.manifest
C:\USERS\ADMINISTRATOR\DOCUMENTS\VISUAL STUDIO 2010\PROJECTS\ALGORITHM\SORT\DEBUG\SORT.OBJ
C:\USERS\ADMINISTRATOR\DOCUMENTS\VISUAL STUDIO 2010\PROJECTS\ALGORITHM\SORT\DEBUG\SORT.PCH
C:\Users\Administrator\Documents\Visual Studio 2010\Projects\algorithm\Sort\Debug\Sort.vcxprojResolveAssemblyReference.cache
C:\Users\Administrator\Documents\Visual Studio 2010\Projects\algorithm\Sort\Debug\Sort.write.1.tlog
C:\Users\Administrator\Documents\Visual Studio 2010\Projects\algorithm\Sort\Debug\Sort_manifest.rc
C:\USERS\ADMINISTRATOR\DOCUMENTS\VISUAL STUDIO 2010\PROJECTS\ALGORITHM\SORT\DEBUG\STDAFX.OBJ
C:\Users\Administrator\Documents\Visual Studio 2010\Projects\algorithm\Sort\Debug\vc100.idb
C:\USERS\ADMINISTRATOR\DOCUMENTS\VISUAL STUDIO 2010\PROJECTS\ALGORITHM\SORT\DEBUG\VC100.PDB
